#
# There is insufficient memory for the Java Runtime Environment to continue.
# Native memory allocation (malloc) failed to allocate 1048576 bytes. Error detail: AllocateHeap
# Possible reasons:
#   The system is out of physical RAM or swap space
#   This process is running with CompressedOops enabled, and the Java Heap may be blocking the growth of the native heap
# Possible solutions:
#   Reduce memory load on the system
#   Increase physical memory or swap space
#   Check if swap backing store is full
#   Decrease Java heap size (-Xmx/-Xms)
#   Decrease number of Java threads
#   Decrease Java thread stack sizes (-Xss)
#   Set larger code cache with -XX:ReservedCodeCacheSize=
#   JVM is running with Unscaled Compressed Oops mode in which the Java heap is
#     placed in the first 4GB address space. The Java Heap base address is the
#     maximum limit for the native heap growth. Please use -XX:HeapBaseMinAddress
#     to set the Java Heap base and to place the Java Heap above 4GB virtual address.
# This output file may be truncated or incomplete.
#
#  Out of Memory Error (allocation.cpp:44), pid=38556, tid=29184
#
# JRE version: OpenJDK Runtime Environment Temurin-21.0.8+9 (21.0.8+9) (build 21.0.8+9-LTS)
# Java VM: OpenJDK 64-Bit Server VM Temurin-21.0.8+9 (21.0.8+9-LTS, mixed mode, sharing, tiered, compressed oops, compressed class ptrs, parallel gc, windows-amd64)
# No core dump will be written. Minidumps are not enabled by default on client versions of Windows
#

---------------  S U M M A R Y ------------

Command Line: --add-modules=ALL-SYSTEM --add-opens=java.base/java.util=ALL-UNNAMED --add-opens=java.base/java.lang=ALL-UNNAMED --add-opens=java.base/sun.nio.fs=ALL-UNNAMED -Declipse.application=org.eclipse.jdt.ls.core.id1 -Dosgi.bundles.defaultStartLevel=4 -Declipse.product=org.eclipse.jdt.ls.core.product -Djava.import.generatesMetadataFilesAtProjectRoot=false -DDetectVMInstallationsJob.disabled=true -Dfile.encoding=utf8 -XX:+UseParallelGC -XX:GCTimeRatio=4 -XX:AdaptiveSizePolicyWeight=90 -Dsun.zip.disableMemoryMapping=true -Xmx2G -Xms100m -Xlog:disable -javaagent:c:\Users\hp\.vscode\extensions\redhat.java-1.45.0-win32-x64\lombok\lombok-1.18.39-4050.jar -XX:+HeapDumpOnOutOfMemoryError -XX:HeapDumpPath=c:\Users\hp\AppData\Roaming\Code\User\workspaceStorage\bf5e5d25e8f0e1d465bbe559f68f1d06\redhat.java -Daether.dependencyCollector.impl=bf c:\Users\hp\.vscode\extensions\redhat.java-1.45.0-win32-x64\server\plugins\org.eclipse.equinox.launcher_1.7.0.v20250519-0528.jar -configuration c:\Users\hp\AppData\Roaming\Code\User\globalStorage\redhat.java\1.45.0\config_win -data c:\Users\hp\AppData\Roaming\Code\User\workspaceStorage\bf5e5d25e8f0e1d465bbe559f68f1d06\redhat.java\jdt_ws --pipe=\\.\pipe\lsp-d86a6ec8211a30787c4073e6bf5d0b91-sock

Host: 11th Gen Intel(R) Core(TM) i5-1135G7 @ 2.40GHz, 8 cores, 15G,  Windows 11 , 64 bit Build 26100 (10.0.26100.5074)
Time: Fri Sep 12 23:42:00 2025 India Standard Time elapsed time: 3102.496380 seconds (0d 0h 51m 42s)

---------------  T H R E A D  ---------------

Current thread (0x000002956e5d1bd0):  JavaThread "Attach Listener" daemon [_thread_in_vm, id=29184, stack(0x000000dcc4100000,0x000000dcc4200000) (1024K)]

Stack: [0x000000dcc4100000,0x000000dcc4200000]
Native frames: (J=compiled Java code, j=interpreted, Vv=VM code, C=native code)
V  [jvm.dll+0x6d2449]
V  [jvm.dll+0x8ae341]
V  [jvm.dll+0x8b08be]
V  [jvm.dll+0x8b0fa3]
V  [jvm.dll+0x280c96]
V  [jvm.dll+0xc0347]
V  [jvm.dll+0x6d2cf9]
V  [jvm.dll+0x131116]
V  [jvm.dll+0x3f2d16]
V  [jvm.dll+0x857e6b]
V  [jvm.dll+0x6d0b0d]
C  [ucrtbase.dll+0x37b0]
C  [KERNEL32.DLL+0x2e8d7]
C  [ntdll.dll+0x8d9c]


---------------  P R O C E S S  ---------------

Threads class SMR info:
_java_thread_list=0x0000029552099110, length=38, elements={
0x000002956e63f8a0, 0x000002956e5aace0, 0x000002956e5abaf0, 0x000002956e5acc90,
0x000002956e5d1bd0, 0x000002956e5d3890, 0x000002956e5d4410, 0x000002956e5de2b0,
0x000002957785fab0, 0x0000029577927a00, 0x0000029577b75dd0, 0x000002957c8a28a0,
0x000002957c140cd0, 0x000002957c647c90, 0x000002957c64c6d0, 0x000002957ccde420,
0x000002957cd1a430, 0x000002957c5f7a90, 0x000002957c5f6d70, 0x000002957c5f87b0,
0x000002957c5f8120, 0x000002957c5fa1f0, 0x0000029550afce80, 0x0000029550afd510,
0x0000029550afdba0, 0x0000029550afc7f0, 0x0000029550afe230, 0x0000029550afe8c0,
0x0000029550afc160, 0x0000029550afb440, 0x0000029550afef50, 0x0000029550afbad0,
0x0000029550b01d40, 0x0000029550b01020, 0x000002957d235550, 0x000002957d23aaa0,
0x000002957d238340, 0x000002957d237cb0
}

Java Threads: ( => current thread )
  0x000002956e63f8a0 JavaThread "main"                              [_thread_blocked, id=20440, stack(0x000000dcc3a00000,0x000000dcc3b00000) (1024K)]
  0x000002956e5aace0 JavaThread "Reference Handler"          daemon [_thread_blocked, id=10008, stack(0x000000dcc3e00000,0x000000dcc3f00000) (1024K)]
  0x000002956e5abaf0 JavaThread "Finalizer"                  daemon [_thread_blocked, id=15264, stack(0x000000dcc3f00000,0x000000dcc4000000) (1024K)]
  0x000002956e5acc90 JavaThread "Signal Dispatcher"          daemon [_thread_blocked, id=15512, stack(0x000000dcc4000000,0x000000dcc4100000) (1024K)]
=>0x000002956e5d1bd0 JavaThread "Attach Listener"            daemon [_thread_in_vm, id=29184, stack(0x000000dcc4100000,0x000000dcc4200000) (1024K)]
  0x000002956e5d3890 JavaThread "Service Thread"             daemon [_thread_blocked, id=2536, stack(0x000000dcc4200000,0x000000dcc4300000) (1024K)]
  0x000002956e5d4410 JavaThread "Monitor Deflation Thread"   daemon [_thread_blocked, id=16244, stack(0x000000dcc4300000,0x000000dcc4400000) (1024K)]
  0x000002956e5de2b0 JavaThread "C2 CompilerThread0"         daemon [_thread_blocked, id=35088, stack(0x000000dcc4400000,0x000000dcc4500000) (1024K)]
  0x000002957785fab0 JavaThread "C1 CompilerThread0"         daemon [_thread_blocked, id=33796, stack(0x000000dcc4500000,0x000000dcc4600000) (1024K)]
  0x0000029577927a00 JavaThread "Common-Cleaner"             daemon [_thread_blocked, id=35384, stack(0x000000dcc4600000,0x000000dcc4700000) (1024K)]
  0x0000029577b75dd0 JavaThread "Notification Thread"        daemon [_thread_blocked, id=21392, stack(0x000000dcc4700000,0x000000dcc4800000) (1024K)]
  0x000002957c8a28a0 JavaThread "Active Thread: Equinox Container: 1fbbe40d-3d69-4e78-b134-a851dd3e8017"        [_thread_blocked, id=38216, stack(0x000000dcc4800000,0x000000dcc4900000) (1024K)]
  0x000002957c140cd0 JavaThread "Refresh Thread: Equinox Container: 1fbbe40d-3d69-4e78-b134-a851dd3e8017" daemon [_thread_blocked, id=9172, stack(0x000000dcc5000000,0x000000dcc5100000) (1024K)]
  0x000002957c647c90 JavaThread "Framework Event Dispatcher: Equinox Container: 1fbbe40d-3d69-4e78-b134-a851dd3e8017" daemon [_thread_blocked, id=24860, stack(0x000000dcc5200000,0x000000dcc5300000) (1024K)]
  0x000002957c64c6d0 JavaThread "Start Level: Equinox Container: 1fbbe40d-3d69-4e78-b134-a851dd3e8017" daemon [_thread_blocked, id=31312, stack(0x000000dcc5300000,0x000000dcc5400000) (1024K)]
  0x000002957ccde420 JavaThread "Bundle File Closer"         daemon [_thread_blocked, id=37088, stack(0x000000dcc5500000,0x000000dcc5600000) (1024K)]
  0x000002957cd1a430 JavaThread "SCR Component Actor"        daemon [_thread_blocked, id=24736, stack(0x000000dcc5400000,0x000000dcc5500000) (1024K)]
  0x000002957c5f7a90 JavaThread "Worker-JM"                         [_thread_blocked, id=15288, stack(0x000000dcc5600000,0x000000dcc5700000) (1024K)]
  0x000002957c5f6d70 JavaThread "JNA Cleaner"                daemon [_thread_blocked, id=18888, stack(0x000000dcc5800000,0x000000dcc5900000) (1024K)]
  0x000002957c5f87b0 JavaThread "Worker-0"                          [_thread_blocked, id=34900, stack(0x000000dcc5900000,0x000000dcc5a00000) (1024K)]
  0x000002957c5f8120 JavaThread "Worker-1"                          [_thread_blocked, id=32320, stack(0x000000dcc5a00000,0x000000dcc5b00000) (1024K)]
  0x000002957c5fa1f0 JavaThread "Java indexing"              daemon [_thread_blocked, id=17208, stack(0x000000dcc5e00000,0x000000dcc5f00000) (1024K)]
  0x0000029550afce80 JavaThread "Thread-2"                   daemon [_thread_in_native, id=38144, stack(0x000000dcc6300000,0x000000dcc6400000) (1024K)]
  0x0000029550afd510 JavaThread "Thread-3"                   daemon [_thread_in_native, id=10288, stack(0x000000dcc6400000,0x000000dcc6500000) (1024K)]
  0x0000029550afdba0 JavaThread "Thread-4"                   daemon [_thread_in_native, id=7504, stack(0x000000dcc6500000,0x000000dcc6600000) (1024K)]
  0x0000029550afc7f0 JavaThread "Thread-5"                   daemon [_thread_in_native, id=20080, stack(0x000000dcc6600000,0x000000dcc6700000) (1024K)]
  0x0000029550afe230 JavaThread "Thread-6"                   daemon [_thread_in_native, id=36320, stack(0x000000dcc6700000,0x000000dcc6800000) (1024K)]
  0x0000029550afe8c0 JavaThread "Thread-7"                   daemon [_thread_in_native, id=22924, stack(0x000000dcc6800000,0x000000dcc6900000) (1024K)]
  0x0000029550afc160 JavaThread "Thread-8"                   daemon [_thread_in_native, id=28636, stack(0x000000dcc6900000,0x000000dcc6a00000) (1024K)]
  0x0000029550afb440 JavaThread "Thread-9"                   daemon [_thread_in_native, id=11632, stack(0x000000dcc6a00000,0x000000dcc6b00000) (1024K)]
  0x0000029550afef50 JavaThread "Thread-10"                  daemon [_thread_in_native, id=14120, stack(0x000000dcc6b00000,0x000000dcc6c00000) (1024K)]
  0x0000029550afbad0 JavaThread "pool-2-thread-1"                   [_thread_blocked, id=24432, stack(0x000000dcc6c00000,0x000000dcc6d00000) (1024K)]
  0x0000029550b01d40 JavaThread "WorkspaceEventsHandler"            [_thread_blocked, id=14552, stack(0x000000dcc6d00000,0x000000dcc6e00000) (1024K)]
  0x0000029550b01020 JavaThread "pool-1-thread-1"                   [_thread_blocked, id=12728, stack(0x000000dcc6e00000,0x000000dcc6f00000) (1024K)]
  0x000002957d235550 JavaThread "Cleaner-0"                  daemon [_thread_blocked, id=40044, stack(0x000000dcc8900000,0x000000dcc8a00000) (1024K)]
  0x000002957d23aaa0 JavaThread "Java Debug Server"          daemon [_thread_in_native, id=31576, stack(0x000000dcc3800000,0x000000dcc3900000) (1024K)]
  0x000002957d238340 JavaThread "RxSchedulerPurge-1"         daemon [_thread_blocked, id=20096, stack(0x000000dcc4900000,0x000000dcc4a00000) (1024K)]
  0x000002957d237cb0 JavaThread "RxCachedWorkerPoolEvictor-1" daemon [_thread_blocked, id=36180, stack(0x000000dcc5c00000,0x000000dcc5d00000) (1024K)]
Total: 38

Other Threads:
  0x000002956e5a35f0 VMThread "VM Thread"                           [id=35408, stack(0x000000dcc3d00000,0x000000dcc3e00000) (1024K)]
  0x000002956e6a5320 WatcherThread "VM Periodic Task Thread"        [id=26896, stack(0x000000dcc3c00000,0x000000dcc3d00000) (1024K)]
  0x000002956e657b30 WorkerThread "GC Thread#0"                     [id=16612, stack(0x000000dcc3b00000,0x000000dcc3c00000) (1024K)]
  0x000002957c422b50 WorkerThread "GC Thread#1"                     [id=23392, stack(0x000000dcc4a00000,0x000000dcc4b00000) (1024K)]
  0x000002957c28d910 WorkerThread "GC Thread#2"                     [id=26892, stack(0x000000dcc4b00000,0x000000dcc4c00000) (1024K)]
  0x000002957c422ef0 WorkerThread "GC Thread#3"                     [id=21104, stack(0x000000dcc4c00000,0x000000dcc4d00000) (1024K)]
  0x000002957c423290 WorkerThread "GC Thread#4"                     [id=15220, stack(0x000000dcc4d00000,0x000000dcc4e00000) (1024K)]
  0x0000029577c05bb0 WorkerThread "GC Thread#5"                     [id=32712, stack(0x000000dcc4e00000,0x000000dcc4f00000) (1024K)]
  0x0000029577c05f50 WorkerThread "GC Thread#6"                     [id=15096, stack(0x000000dcc4f00000,0x000000dcc5000000) (1024K)]
  0x000002957c141870 WorkerThread "GC Thread#7"                     [id=32552, stack(0x000000dcc5100000,0x000000dcc5200000) (1024K)]
Total: 10

Threads with active compile tasks:
Total: 0

VM state: not at safepoint (normal execution)

VM Mutex/Monitor currently owned by a thread: None

Heap address: 0x0000000080000000, size: 2048 MB, Compressed Oops mode: 32-bit

CDS archive(s) mapped at: [0x000002950f000000-0x000002950fba0000-0x000002950fba0000), size 12189696, SharedBaseAddress: 0x000002950f000000, ArchiveRelocationMode: 1.
Compressed class space mapped at: 0x0000029510000000-0x0000029550000000, reserved size: 1073741824
Narrow klass base: 0x000002950f000000, Narrow klass shift: 0, Narrow klass range: 0x100000000

GC Precious Log:
 CardTable entry size: 512
 CPUs: 8 total, 8 available
 Memory: 16124M
 Large Page Support: Disabled
 NUMA Support: Disabled
 Compressed Oops: Enabled (32-bit)
 Alignments: Space 512K, Generation 512K, Heap 2M
 Heap Min Capacity: 100M
 Heap Initial Capacity: 100M
 Heap Max Capacity: 2G
 Pre-touch: Disabled
 Parallel Workers: 8

Heap:
 PSYoungGen      total 5632K, used 2109K [0x00000000d5580000, 0x00000000d5c80000, 0x0000000100000000)
  eden space 5120K, 36% used [0x00000000d5580000,0x00000000d5757730,0x00000000d5a80000)
  from space 512K, 43% used [0x00000000d5c00000,0x00000000d5c38000,0x00000000d5c80000)
  to   space 512K, 0% used [0x00000000d5a80000,0x00000000d5a80000,0x00000000d5b00000)
 ParOldGen       total 1215488K, used 1215256K [0x0000000080000000, 0x00000000ca300000, 0x00000000d5580000)
  object space 1215488K, 99% used [0x0000000080000000,0x00000000ca2c63b0,0x00000000ca300000)
 Metaspace       used 89615K, committed 91264K, reserved 1179648K
  class space    used 9102K, committed 9856K, reserved 1048576K

Card table byte_map: [0x000002956dfd0000,0x000002956e3e0000] _byte_map_base: 0x000002956dbd0000

Marking Bits: (ParMarkBitMap*) 0x00007ffe0767a340
 Begin Bits: [0x0000029571ad0000, 0x0000029573ad0000)
 End Bits:   [0x0000029573ad0000, 0x0000029575ad0000)

Polling page: 0x000002956c490000

Metaspace:

Usage:
  Non-class:     78.63 MB used.
      Class:      8.89 MB used.
       Both:     87.51 MB used.

Virtual space:
  Non-class space:      128.00 MB reserved,      79.50 MB ( 62%) committed,  2 nodes.
      Class space:        1.00 GB reserved,       9.62 MB ( <1%) committed,  1 nodes.
             Both:        1.12 GB reserved,      89.12 MB (  8%) committed. 

Chunk freelists:
   Non-Class:  112.00 KB
       Class:  6.31 MB
        Both:  6.42 MB

MaxMetaspaceSize: unlimited
CompressedClassSpaceSize: 1.00 GB
Initial GC threshold: 21.00 MB
Current GC threshold: 144.00 MB
CDS: on
 - commit_granule_bytes: 65536.
 - commit_granule_words: 8192.
 - virtual_space_node_default_size: 8388608.
 - enlarge_chunks_in_place: 1.
 - use_allocation_guard: 0.


Internal statistics:

num_allocs_failed_limit: 13.
num_arena_births: 1698.
num_arena_deaths: 22.
num_vsnodes_births: 3.
num_vsnodes_deaths: 0.
num_space_committed: 1426.
num_space_uncommitted: 0.
num_chunks_returned_to_freelist: 37.
num_chunks_taken_from_freelist: 6079.
num_chunk_merges: 17.
num_chunk_splits: 3657.
num_chunks_enlarged: 1991.
num_inconsistent_stats: 0.

CodeHeap 'non-profiled nmethods': size=120000Kb used=23615Kb max_used=23615Kb free=96384Kb
 bounds [0x0000029507ad0000, 0x00000295091e0000, 0x000002950f000000]
CodeHeap 'profiled nmethods': size=120000Kb used=51639Kb max_used=51639Kb free=68360Kb
 bounds [0x0000029500000000, 0x0000029503280000, 0x0000029507530000]
CodeHeap 'non-nmethods': size=5760Kb used=1542Kb max_used=1606Kb free=4217Kb
 bounds [0x0000029507530000, 0x00000295077a0000, 0x0000029507ad0000]
CodeCache: size=245760Kb, used=76796Kb, max_used=76860Kb, free=168961Kb
 total_blobs=21098, nmethods=20244, adapters=754, full_count=0
Compilation: enabled, stopped_count=0, restarted_count=0

Compilation events (20 events):
Event: 2223.972 Thread 0x000002957785fab0 23638       1       org.eclipse.osgi.internal.framework.EquinoxContainer::getStorage (5 bytes)
Event: 2223.972 Thread 0x000002957785fab0 nmethod 23638 0x00000295091dbe10 code [0x00000295091dbfa0, 0x00000295091dc068]
Event: 2228.078 Thread 0x000002956e5de2b0 23639       4       org.eclipse.core.internal.jobs.JobQueue::peek (26 bytes)
Event: 2228.080 Thread 0x000002956e5de2b0 nmethod 23639 0x00000295091dc110 code [0x00000295091dc2a0, 0x00000295091dc350]
Event: 2268.940 Thread 0x000002956e5de2b0 23640       4       java.util.concurrent.ConcurrentHashMap$CollectionView::toArray (145 bytes)
Event: 2268.957 Thread 0x000002956e5de2b0 nmethod 23640 0x00000295091dc410 code [0x00000295091dc5e0, 0x00000295091dcf88]
Event: 2269.931 Thread 0x000002956e5de2b0 23641       4       io.reactivex.internal.schedulers.SchedulerPoolFactory$ScheduledTask::run (66 bytes)
Event: 2269.953 Thread 0x000002956e5de2b0 nmethod 23641 0x00000295091dd710 code [0x00000295091dd940, 0x00000295091de680]
Event: 2473.276 Thread 0x000002956e5de2b0 23642       4       java.security.AccessController::doPrivileged (9 bytes)
Event: 2473.276 Thread 0x000002956e5de2b0 nmethod 23642 0x00000295091df610 code [0x00000295091df7a0, 0x00000295091df860]
Event: 2491.931 Thread 0x000002956e5de2b0 23643       4       java.util.concurrent.ScheduledThreadPoolExecutor$ScheduledFutureTask::getDelay (16 bytes)
Event: 2491.932 Thread 0x000002956e5de2b0 nmethod 23643 0x00000295091df990 code [0x00000295091dfb40, 0x00000295091dfcd8]
Event: 2574.721 Thread 0x000002957785fab0 23644       3       org.eclipse.jdt.ls.core.internal.ParentProcessWatcher::run (83 bytes)
Event: 2574.723 Thread 0x000002957785fab0 nmethod 23644 0x0000029503269890 code [0x0000029503269b20, 0x000002950326a508]
Event: 2574.723 Thread 0x000002957785fab0 23645   !   3       org.eclipse.jdt.ls.core.internal.ParentProcessWatcher::parentProcessStillRunning (492 bytes)
Event: 2574.726 Thread 0x000002957785fab0 nmethod 23645 0x000002950326a890 code [0x000002950326b1a0, 0x000002950326eec0]
Event: 3008.112 Thread 0x000002957785fab0 23646       3       org.eclipse.core.internal.resources.MarkerAttributeMap::shareStrings (92 bytes)
Event: 3008.113 Thread 0x000002957785fab0 nmethod 23646 0x0000029503270710 code [0x00000295032709a0, 0x0000029503271850]
Event: 3008.113 Thread 0x000002957785fab0 23647       3       org.eclipse.core.internal.resources.MarkerInfo::shareStrings (21 bytes)
Event: 3008.113 Thread 0x000002957785fab0 nmethod 23647 0x0000029503271b90 code [0x0000029503271d60, 0x0000029503271f40]

GC Heap History (20 events):
Event: 601.362 GC heap before
{Heap before GC invocations=2840 (full 5):
 PSYoungGen      total 3584K, used 3232K [0x00000000d5580000, 0x00000000d5c00000, 0x0000000100000000)
  eden space 3072K, 100% used [0x00000000d5580000,0x00000000d5880000,0x00000000d5880000)
  from space 512K, 31% used [0x00000000d5b80000,0x00000000d5ba8000,0x00000000d5c00000)
  to   space 512K, 0% used [0x00000000d5b00000,0x00000000d5b00000,0x00000000d5b80000)
 ParOldGen       total 1203200K, used 1203146K [0x0000000080000000, 0x00000000c9700000, 0x00000000d5580000)
  object space 1203200K, 99% used [0x0000000080000000,0x00000000c96f2808,0x00000000c9700000)
 Metaspace       used 89598K, committed 91264K, reserved 1179648K
  class space    used 9102K, committed 9856K, reserved 1048576K
}
Event: 601.364 GC heap after
{Heap after GC invocations=2840 (full 5):
 PSYoungGen      total 3584K, used 448K [0x00000000d5580000, 0x00000000d5c00000, 0x0000000100000000)
  eden space 3072K, 0% used [0x00000000d5580000,0x00000000d5580000,0x00000000d5880000)
  from space 512K, 87% used [0x00000000d5b00000,0x00000000d5b70000,0x00000000d5b80000)
  to   space 512K, 0% used [0x00000000d5b80000,0x00000000d5b80000,0x00000000d5c00000)
 ParOldGen       total 1203712K, used 1203202K [0x0000000080000000, 0x00000000c9780000, 0x00000000d5580000)
  object space 1203712K, 99% used [0x0000000080000000,0x00000000c9700808,0x00000000c9780000)
 Metaspace       used 89598K, committed 91264K, reserved 1179648K
  class space    used 9102K, committed 9856K, reserved 1048576K
}
Event: 601.368 GC heap before
{Heap before GC invocations=2841 (full 5):
 PSYoungGen      total 3584K, used 3520K [0x00000000d5580000, 0x00000000d5c00000, 0x0000000100000000)
  eden space 3072K, 100% used [0x00000000d5580000,0x00000000d5880000,0x00000000d5880000)
  from space 512K, 87% used [0x00000000d5b00000,0x00000000d5b70000,0x00000000d5b80000)
  to   space 512K, 0% used [0x00000000d5b80000,0x00000000d5b80000,0x00000000d5c00000)
 ParOldGen       total 1203712K, used 1203202K [0x0000000080000000, 0x00000000c9780000, 0x00000000d5580000)
  object space 1203712K, 99% used [0x0000000080000000,0x00000000c9700808,0x00000000c9780000)
 Metaspace       used 89598K, committed 91264K, reserved 1179648K
  class space    used 9102K, committed 9856K, reserved 1048576K
}
Event: 601.371 GC heap after
{Heap after GC invocations=2841 (full 5):
 PSYoungGen      total 2560K, used 487K [0x00000000d5580000, 0x00000000d6080000, 0x0000000100000000)
  eden space 2048K, 0% used [0x00000000d5580000,0x00000000d5580000,0x00000000d5780000)
  from space 512K, 95% used [0x00000000d5b80000,0x00000000d5bf9dc8,0x00000000d5c00000)
  to   space 4096K, 0% used [0x00000000d5780000,0x00000000d5780000,0x00000000d5b80000)
 ParOldGen       total 1206272K, used 1206132K [0x0000000080000000, 0x00000000c9a00000, 0x00000000d5580000)
  object space 1206272K, 99% used [0x0000000080000000,0x00000000c99dd378,0x00000000c9a00000)
 Metaspace       used 89598K, committed 91264K, reserved 1179648K
  class space    used 9102K, committed 9856K, reserved 1048576K
}
Event: 601.374 GC heap before
{Heap before GC invocations=2842 (full 5):
 PSYoungGen      total 2560K, used 2535K [0x00000000d5580000, 0x00000000d6080000, 0x0000000100000000)
  eden space 2048K, 100% used [0x00000000d5580000,0x00000000d5780000,0x00000000d5780000)
  from space 512K, 95% used [0x00000000d5b80000,0x00000000d5bf9dc8,0x00000000d5c00000)
  to   space 4096K, 0% used [0x00000000d5780000,0x00000000d5780000,0x00000000d5b80000)
 ParOldGen       total 1206272K, used 1206132K [0x0000000080000000, 0x00000000c9a00000, 0x00000000d5580000)
  object space 1206272K, 99% used [0x0000000080000000,0x00000000c99dd378,0x00000000c9a00000)
 Metaspace       used 89598K, committed 91264K, reserved 1179648K
  class space    used 9102K, committed 9856K, reserved 1048576K
}
Event: 601.377 GC heap after
{Heap after GC invocations=2842 (full 5):
 PSYoungGen      total 4096K, used 2030K [0x00000000d5580000, 0x00000000d5d00000, 0x0000000100000000)
  eden space 2048K, 0% used [0x00000000d5580000,0x00000000d5580000,0x00000000d5780000)
  from space 2048K, 99% used [0x00000000d5780000,0x00000000d597bb90,0x00000000d5980000)
  to   space 2560K, 0% used [0x00000000d5a80000,0x00000000d5a80000,0x00000000d5d00000)
 ParOldGen       total 1206784K, used 1206660K [0x0000000080000000, 0x00000000c9a80000, 0x00000000d5580000)
  object space 1206784K, 99% used [0x0000000080000000,0x00000000c9a61140,0x00000000c9a80000)
 Metaspace       used 89598K, committed 91264K, reserved 1179648K
  class space    used 9102K, committed 9856K, reserved 1048576K
}
Event: 601.379 GC heap before
{Heap before GC invocations=2843 (full 5):
 PSYoungGen      total 4096K, used 4078K [0x00000000d5580000, 0x00000000d5d00000, 0x0000000100000000)
  eden space 2048K, 100% used [0x00000000d5580000,0x00000000d5780000,0x00000000d5780000)
  from space 2048K, 99% used [0x00000000d5780000,0x00000000d597bb90,0x00000000d5980000)
  to   space 2560K, 0% used [0x00000000d5a80000,0x00000000d5a80000,0x00000000d5d00000)
 ParOldGen       total 1206784K, used 1206660K [0x0000000080000000, 0x00000000c9a80000, 0x00000000d5580000)
  object space 1206784K, 99% used [0x0000000080000000,0x00000000c9a61140,0x00000000c9a80000)
 Metaspace       used 89598K, committed 91264K, reserved 1179648K
  class space    used 9102K, committed 9856K, reserved 1048576K
}
Event: 601.382 GC heap after
{Heap after GC invocations=2843 (full 5):
 PSYoungGen      total 5120K, used 2112K [0x00000000d5580000, 0x00000000d5d00000, 0x0000000100000000)
  eden space 2560K, 0% used [0x00000000d5580000,0x00000000d5580000,0x00000000d5800000)
  from space 2560K, 82% used [0x00000000d5a80000,0x00000000d5c90000,0x00000000d5d00000)
  to   space 2560K, 0% used [0x00000000d5800000,0x00000000d5800000,0x00000000d5a80000)
 ParOldGen       total 1208832K, used 1208651K [0x0000000080000000, 0x00000000c9c80000, 0x00000000d5580000)
  object space 1208832K, 99% used [0x0000000080000000,0x00000000c9c52cd0,0x00000000c9c80000)
 Metaspace       used 89598K, committed 91264K, reserved 1179648K
  class space    used 9102K, committed 9856K, reserved 1048576K
}
Event: 601.389 GC heap before
{Heap before GC invocations=2844 (full 5):
 PSYoungGen      total 5120K, used 4672K [0x00000000d5580000, 0x00000000d5d00000, 0x0000000100000000)
  eden space 2560K, 100% used [0x00000000d5580000,0x00000000d5800000,0x00000000d5800000)
  from space 2560K, 82% used [0x00000000d5a80000,0x00000000d5c90000,0x00000000d5d00000)
  to   space 2560K, 0% used [0x00000000d5800000,0x00000000d5800000,0x00000000d5a80000)
 ParOldGen       total 1208832K, used 1208651K [0x0000000080000000, 0x00000000c9c80000, 0x00000000d5580000)
  object space 1208832K, 99% used [0x0000000080000000,0x00000000c9c52cd0,0x00000000c9c80000)
 Metaspace       used 89598K, committed 91264K, reserved 1179648K
  class space    used 9102K, committed 9856K, reserved 1048576K
}
Event: 601.392 GC heap after
{Heap after GC invocations=2844 (full 5):
 PSYoungGen      total 5120K, used 2030K [0x00000000d5580000, 0x00000000d5d80000, 0x0000000100000000)
  eden space 2560K, 0% used [0x00000000d5580000,0x00000000d5580000,0x00000000d5800000)
  from space 2560K, 79% used [0x00000000d5800000,0x00000000d59fbb90,0x00000000d5a80000)
  to   space 2560K, 0% used [0x00000000d5b00000,0x00000000d5b00000,0x00000000d5d80000)
 ParOldGen       total 1210880K, used 1210691K [0x0000000080000000, 0x00000000c9e80000, 0x00000000d5580000)
  object space 1210880K, 99% used [0x0000000080000000,0x00000000c9e50cd0,0x00000000c9e80000)
 Metaspace       used 89598K, committed 91264K, reserved 1179648K
  class space    used 9102K, committed 9856K, reserved 1048576K
}
Event: 601.396 GC heap before
{Heap before GC invocations=2845 (full 5):
 PSYoungGen      total 5120K, used 4569K [0x00000000d5580000, 0x00000000d5d80000, 0x0000000100000000)
  eden space 2560K, 99% used [0x00000000d5580000,0x00000000d57faba8,0x00000000d5800000)
  from space 2560K, 79% used [0x00000000d5800000,0x00000000d59fbb90,0x00000000d5a80000)
  to   space 2560K, 0% used [0x00000000d5b00000,0x00000000d5b00000,0x00000000d5d80000)
 ParOldGen       total 1210880K, used 1210691K [0x0000000080000000, 0x00000000c9e80000, 0x00000000d5580000)
  object space 1210880K, 99% used [0x0000000080000000,0x00000000c9e50cd0,0x00000000c9e80000)
 Metaspace       used 89598K, committed 91264K, reserved 1179648K
  class space    used 9102K, committed 9856K, reserved 1048576K
}
Event: 601.398 GC heap after
{Heap after GC invocations=2845 (full 5):
 PSYoungGen      total 3584K, used 192K [0x00000000d5580000, 0x00000000d5b80000, 0x0000000100000000)
  eden space 3072K, 0% used [0x00000000d5580000,0x00000000d5580000,0x00000000d5880000)
  from space 512K, 37% used [0x00000000d5b00000,0x00000000d5b30000,0x00000000d5b80000)
  to   space 1024K, 0% used [0x00000000d5980000,0x00000000d5980000,0x00000000d5a80000)
 ParOldGen       total 1211904K, used 1211434K [0x0000000080000000, 0x00000000c9f80000, 0x00000000d5580000)
  object space 1211904K, 99% used [0x0000000080000000,0x00000000c9f0a820,0x00000000c9f80000)
 Metaspace       used 89598K, committed 91264K, reserved 1179648K
  class space    used 9102K, committed 9856K, reserved 1048576K
}
Event: 601.401 GC heap before
{Heap before GC invocations=2846 (full 5):
 PSYoungGen      total 3584K, used 3263K [0x00000000d5580000, 0x00000000d5b80000, 0x0000000100000000)
  eden space 3072K, 99% used [0x00000000d5580000,0x00000000d587fff0,0x00000000d5880000)
  from space 512K, 37% used [0x00000000d5b00000,0x00000000d5b30000,0x00000000d5b80000)
  to   space 1024K, 0% used [0x00000000d5980000,0x00000000d5980000,0x00000000d5a80000)
 ParOldGen       total 1211904K, used 1211434K [0x0000000080000000, 0x00000000c9f80000, 0x00000000d5580000)
  object space 1211904K, 99% used [0x0000000080000000,0x00000000c9f0a820,0x00000000c9f80000)
 Metaspace       used 89598K, committed 91264K, reserved 1179648K
  class space    used 9102K, committed 9856K, reserved 1048576K
}
Event: 601.404 GC heap after
{Heap after GC invocations=2846 (full 5):
 PSYoungGen      total 5120K, used 1006K [0x00000000d5580000, 0x00000000d5f80000, 0x0000000100000000)
  eden space 4096K, 0% used [0x00000000d5580000,0x00000000d5580000,0x00000000d5980000)
  from space 1024K, 98% used [0x00000000d5980000,0x00000000d5a7bb90,0x00000000d5a80000)
  to   space 3072K, 0% used [0x00000000d5c80000,0x00000000d5c80000,0x00000000d5f80000)
 ParOldGen       total 1213440K, used 1212978K [0x0000000080000000, 0x00000000ca100000, 0x00000000d5580000)
  object space 1213440K, 99% used [0x0000000080000000,0x00000000ca08c820,0x00000000ca100000)
 Metaspace       used 89598K, committed 91264K, reserved 1179648K
  class space    used 9102K, committed 9856K, reserved 1048576K
}
Event: 605.072 GC heap before
{Heap before GC invocations=2847 (full 5):
 PSYoungGen      total 5120K, used 5102K [0x00000000d5580000, 0x00000000d5f80000, 0x0000000100000000)
  eden space 4096K, 100% used [0x00000000d5580000,0x00000000d5980000,0x00000000d5980000)
  from space 1024K, 98% used [0x00000000d5980000,0x00000000d5a7bb90,0x00000000d5a80000)
  to   space 3072K, 0% used [0x00000000d5c80000,0x00000000d5c80000,0x00000000d5f80000)
 ParOldGen       total 1213440K, used 1212978K [0x0000000080000000, 0x00000000ca100000, 0x00000000d5580000)
  object space 1213440K, 99% used [0x0000000080000000,0x00000000ca08c820,0x00000000ca100000)
 Metaspace       used 89600K, committed 91264K, reserved 1179648K
  class space    used 9102K, committed 9856K, reserved 1048576K
}
Event: 605.075 GC heap after
{Heap after GC invocations=2847 (full 5):
 PSYoungGen      total 7168K, used 1280K [0x00000000d5580000, 0x00000000d5e80000, 0x0000000100000000)
  eden space 5120K, 0% used [0x00000000d5580000,0x00000000d5580000,0x00000000d5a80000)
  from space 2048K, 62% used [0x00000000d5c80000,0x00000000d5dc0000,0x00000000d5e80000)
  to   space 2048K, 0% used [0x00000000d5a80000,0x00000000d5a80000,0x00000000d5c80000)
 ParOldGen       total 1214464K, used 1214024K [0x0000000080000000, 0x00000000ca200000, 0x00000000d5580000)
  object space 1214464K, 99% used [0x0000000080000000,0x00000000ca1923b0,0x00000000ca200000)
 Metaspace       used 89600K, committed 91264K, reserved 1179648K
  class space    used 9102K, committed 9856K, reserved 1048576K
}
Event: 606.903 GC heap before
{Heap before GC invocations=2848 (full 5):
 PSYoungGen      total 7168K, used 6400K [0x00000000d5580000, 0x00000000d5e80000, 0x0000000100000000)
  eden space 5120K, 100% used [0x00000000d5580000,0x00000000d5a80000,0x00000000d5a80000)
  from space 2048K, 62% used [0x00000000d5c80000,0x00000000d5dc0000,0x00000000d5e80000)
  to   space 2048K, 0% used [0x00000000d5a80000,0x00000000d5a80000,0x00000000d5c80000)
 ParOldGen       total 1214464K, used 1214024K [0x0000000080000000, 0x00000000ca200000, 0x00000000d5580000)
  object space 1214464K, 99% used [0x0000000080000000,0x00000000ca1923b0,0x00000000ca200000)
 Metaspace       used 89600K, committed 91264K, reserved 1179648K
  class space    used 9102K, committed 9856K, reserved 1048576K
}
Event: 606.905 GC heap after
{Heap after GC invocations=2848 (full 5):
 PSYoungGen      total 5632K, used 128K [0x00000000d5580000, 0x00000000d5d00000, 0x0000000100000000)
  eden space 5120K, 0% used [0x00000000d5580000,0x00000000d5580000,0x00000000d5a80000)
  from space 512K, 25% used [0x00000000d5a80000,0x00000000d5aa0000,0x00000000d5b00000)
  to   space 1024K, 0% used [0x00000000d5c00000,0x00000000d5c00000,0x00000000d5d00000)
 ParOldGen       total 1215488K, used 1215232K [0x0000000080000000, 0x00000000ca300000, 0x00000000d5580000)
  object space 1215488K, 99% used [0x0000000080000000,0x00000000ca2c03b0,0x00000000ca300000)
 Metaspace       used 89600K, committed 91264K, reserved 1179648K
  class space    used 9102K, committed 9856K, reserved 1048576K
}
Event: 911.931 GC heap before
{Heap before GC invocations=2849 (full 5):
 PSYoungGen      total 5632K, used 5248K [0x00000000d5580000, 0x00000000d5d00000, 0x0000000100000000)
  eden space 5120K, 100% used [0x00000000d5580000,0x00000000d5a80000,0x00000000d5a80000)
  from space 512K, 25% used [0x00000000d5a80000,0x00000000d5aa0000,0x00000000d5b00000)
  to   space 1024K, 0% used [0x00000000d5c00000,0x00000000d5c00000,0x00000000d5d00000)
 ParOldGen       total 1215488K, used 1215232K [0x0000000080000000, 0x00000000ca300000, 0x00000000d5580000)
  object space 1215488K, 99% used [0x0000000080000000,0x00000000ca2c03b0,0x00000000ca300000)
 Metaspace       used 89605K, committed 91264K, reserved 1179648K
  class space    used 9102K, committed 9856K, reserved 1048576K
}
Event: 911.937 GC heap after
{Heap after GC invocations=2849 (full 5):
 PSYoungGen      total 5632K, used 224K [0x00000000d5580000, 0x00000000d5c80000, 0x0000000100000000)
  eden space 5120K, 0% used [0x00000000d5580000,0x00000000d5580000,0x00000000d5a80000)
  from space 512K, 43% used [0x00000000d5c00000,0x00000000d5c38000,0x00000000d5c80000)
  to   space 512K, 0% used [0x00000000d5a80000,0x00000000d5a80000,0x00000000d5b00000)
 ParOldGen       total 1215488K, used 1215256K [0x0000000080000000, 0x00000000ca300000, 0x00000000d5580000)
  object space 1215488K, 99% used [0x0000000080000000,0x00000000ca2c63b0,0x00000000ca300000)
 Metaspace       used 89605K, committed 91264K, reserved 1179648K
  class space    used 9102K, committed 9856K, reserved 1048576K
}

Dll operation events (12 events):
Event: 0.029 Loaded shared library c:\Users\hp\.vscode\extensions\redhat.java-1.45.0-win32-x64\jre\21.0.8-win32-x86_64\bin\java.dll
Event: 0.177 Loaded shared library c:\Users\hp\.vscode\extensions\redhat.java-1.45.0-win32-x64\jre\21.0.8-win32-x86_64\bin\zip.dll
Event: 0.225 Loaded shared library C:\Users\hp\.vscode\extensions\redhat.java-1.45.0-win32-x64\jre\21.0.8-win32-x86_64\bin\instrument.dll
Event: 0.242 Loaded shared library C:\Users\hp\.vscode\extensions\redhat.java-1.45.0-win32-x64\jre\21.0.8-win32-x86_64\bin\net.dll
Event: 0.252 Loaded shared library C:\Users\hp\.vscode\extensions\redhat.java-1.45.0-win32-x64\jre\21.0.8-win32-x86_64\bin\nio.dll
Event: 0.270 Loaded shared library C:\Users\hp\.vscode\extensions\redhat.java-1.45.0-win32-x64\jre\21.0.8-win32-x86_64\bin\zip.dll
Event: 0.337 Loaded shared library C:\Users\hp\.vscode\extensions\redhat.java-1.45.0-win32-x64\jre\21.0.8-win32-x86_64\bin\jimage.dll
Event: 0.700 Loaded shared library c:\Users\hp\.vscode\extensions\redhat.java-1.45.0-win32-x64\jre\21.0.8-win32-x86_64\bin\verify.dll
Event: 3.838 Loaded shared library C:\Users\hp\AppData\Roaming\Code\User\globalStorage\redhat.java\1.45.0\config_win\org.eclipse.equinox.launcher\org.eclipse.equinox.launcher.win32.win32.x86_64_1.2.1400.v20250801-0854\eclipse_11916.dll
Event: 7.849 Loaded shared library C:\Users\hp\AppData\Local\Temp\jna-3336\jna9243210294369715581.dll
Event: 13.292 Loaded shared library C:\Users\hp\.vscode\extensions\redhat.java-1.45.0-win32-x64\jre\21.0.8-win32-x86_64\bin\sunmscapi.dll
Event: 13.640 Loaded shared library C:\Users\hp\.vscode\extensions\redhat.java-1.45.0-win32-x64\jre\21.0.8-win32-x86_64\bin\extnet.dll

Deoptimization events (20 events):
Event: 1208.046 Thread 0x000002957c5f87b0 Uncommon trap: trap_request=0xffffff45 fr.pc=0x00000295086f5dbc relative=0x00000000000006dc
Event: 1208.046 Thread 0x000002957c5f87b0 Uncommon trap: reason=unstable_if action=reinterpret pc=0x00000295086f5dbc method=org.eclipse.core.internal.jobs.JobManager.nextJob()Lorg/eclipse/core/runtime/jobs/Job; @ 78 c2
Event: 1208.046 Thread 0x000002957c5f87b0 DEOPT PACKING pc=0x00000295086f5dbc sp=0x000000dcc59ff2d0
Event: 1208.046 Thread 0x000002957c5f87b0 DEOPT UNPACKING pc=0x0000029507586da2 sp=0x000000dcc59ff200 mode 2
Event: 1208.046 Thread 0x000002957c5f87b0 Uncommon trap: trap_request=0xffffff45 fr.pc=0x0000029507d27c98 relative=0x0000000000000358
Event: 1208.046 Thread 0x000002957c5f87b0 Uncommon trap: reason=unstable_if action=reinterpret pc=0x0000029507d27c98 method=org.eclipse.core.internal.jobs.JobManager.sleepHint()J @ 43 c2
Event: 1208.046 Thread 0x000002957c5f87b0 DEOPT PACKING pc=0x0000029507d27c98 sp=0x000000dcc59ff2f0
Event: 1208.046 Thread 0x000002957c5f87b0 DEOPT UNPACKING pc=0x0000029507586da2 sp=0x000000dcc59ff2a8 mode 2
Event: 1208.046 Thread 0x000002957c5f8120 Uncommon trap: trap_request=0xffffff45 fr.pc=0x0000029507d27c98 relative=0x0000000000000358
Event: 1208.046 Thread 0x000002957c5f8120 Uncommon trap: reason=unstable_if action=reinterpret pc=0x0000029507d27c98 method=org.eclipse.core.internal.jobs.JobManager.sleepHint()J @ 43 c2
Event: 1208.046 Thread 0x000002957c5f8120 DEOPT PACKING pc=0x0000029507d27c98 sp=0x000000dcc5aff500
Event: 1208.046 Thread 0x000002957c5f8120 DEOPT UNPACKING pc=0x0000029507586da2 sp=0x000000dcc5aff4b8 mode 2
Event: 2108.055 Thread 0x000002957c5f8120 Uncommon trap: trap_request=0xffffff45 fr.pc=0x0000029508602f88 relative=0x00000000000005c8
Event: 2108.055 Thread 0x000002957c5f8120 Uncommon trap: reason=unstable_if action=reinterpret pc=0x0000029508602f88 method=org.eclipse.core.internal.jobs.JobManager.nextJob()Lorg/eclipse/core/runtime/jobs/Job; @ 78 c2
Event: 2108.055 Thread 0x000002957c5f8120 DEOPT PACKING pc=0x0000029508602f88 sp=0x000000dcc5aff460
Event: 2108.055 Thread 0x000002957c5f8120 DEOPT UNPACKING pc=0x0000029507586da2 sp=0x000000dcc5aff408 mode 2
Event: 2108.055 Thread 0x000002957c5f87b0 Uncommon trap: trap_request=0xffffff45 fr.pc=0x0000029508602e60 relative=0x00000000000004a0
Event: 2108.055 Thread 0x000002957c5f87b0 Uncommon trap: reason=unstable_if action=reinterpret pc=0x0000029508602e60 method=org.eclipse.core.internal.jobs.JobManager.nextJob()Lorg/eclipse/core/runtime/jobs/Job; @ 78 c2
Event: 2108.055 Thread 0x000002957c5f87b0 DEOPT PACKING pc=0x0000029508602e60 sp=0x000000dcc59ff250
Event: 2108.055 Thread 0x000002957c5f87b0 DEOPT UNPACKING pc=0x0000029507586da2 sp=0x000000dcc59ff1f8 mode 2

Classes loaded (20 events):
Event: 264.908 Loading class java/util/function/LongFunction
Event: 264.909 Loading class java/util/function/LongFunction done
Event: 264.909 Loading class java/util/stream/Nodes$ConcNode
Event: 264.909 Loading class java/util/stream/Nodes$AbstractConcNode
Event: 264.909 Loading class java/util/stream/Nodes$AbstractConcNode done
Event: 264.909 Loading class java/util/stream/Nodes$ConcNode done
Event: 264.910 Loading class java/util/stream/Nodes$ToArrayTask$OfRef
Event: 264.910 Loading class java/util/stream/Nodes$ToArrayTask
Event: 264.910 Loading class java/util/stream/Nodes$ToArrayTask done
Event: 264.910 Loading class java/util/stream/Nodes$ToArrayTask$OfRef done
Event: 264.914 Loading class java/io/ObjectOutputStream$BlockDataOutputStream
Event: 264.915 Loading class java/io/ObjectOutputStream$BlockDataOutputStream done
Event: 264.915 Loading class java/io/ObjectOutputStream$HandleTable
Event: 264.915 Loading class java/io/ObjectOutputStream$HandleTable done
Event: 264.915 Loading class java/io/ObjectOutputStream$ReplaceTable
Event: 264.915 Loading class java/io/ObjectOutputStream$ReplaceTable done
Event: 364.795 Loading class java/util/concurrent/ConcurrentHashMap$TreeNode
Event: 364.795 Loading class java/util/concurrent/ConcurrentHashMap$TreeNode done
Event: 364.795 Loading class java/util/concurrent/ConcurrentHashMap$TreeBin
Event: 364.796 Loading class java/util/concurrent/ConcurrentHashMap$TreeBin done

Classes unloaded (11 events):
Event: 9.132 Thread 0x000002956e5a35f0 Unloading class 0x00000295101a8800 'java/lang/invoke/LambdaForm$MH+0x00000295101a8800'
Event: 9.132 Thread 0x000002956e5a35f0 Unloading class 0x00000295101a8400 'java/lang/invoke/LambdaForm$MH+0x00000295101a8400'
Event: 9.132 Thread 0x000002956e5a35f0 Unloading class 0x00000295101a8000 'java/lang/invoke/LambdaForm$MH+0x00000295101a8000'
Event: 9.132 Thread 0x000002956e5a35f0 Unloading class 0x00000295101a7c00 'java/lang/invoke/LambdaForm$MH+0x00000295101a7c00'
Event: 9.132 Thread 0x000002956e5a35f0 Unloading class 0x00000295101a7800 'java/lang/invoke/LambdaForm$BMH+0x00000295101a7800'
Event: 9.132 Thread 0x000002956e5a35f0 Unloading class 0x00000295101a7400 'java/lang/invoke/LambdaForm$DMH+0x00000295101a7400'
Event: 9.132 Thread 0x000002956e5a35f0 Unloading class 0x00000295101a6000 'java/lang/invoke/LambdaForm$DMH+0x00000295101a6000'
Event: 12.671 Thread 0x000002956e5a35f0 Unloading class 0x00000295102c8000 'java/lang/invoke/LambdaForm$MH+0x00000295102c8000'
Event: 12.671 Thread 0x000002956e5a35f0 Unloading class 0x00000295102c3400 'java/lang/invoke/LambdaForm$MH+0x00000295102c3400'
Event: 12.671 Thread 0x000002956e5a35f0 Unloading class 0x00000295102c2c00 'java/lang/invoke/LambdaForm$MH+0x00000295102c2c00'
Event: 12.671 Thread 0x000002956e5a35f0 Unloading class 0x00000295102c2800 'java/lang/invoke/LambdaForm$DMH+0x00000295102c2800'

Classes redefined (0 events):
No events

Internal exceptions (20 events):
Event: 520.139 Thread 0x0000029550b01020 Exception <a 'java/lang/ArrayIndexOutOfBoundsException'{0x00000000d55e1330}> (0x00000000d55e1330) 
thrown [s\src\hotspot\share\runtime\sharedRuntime.cpp, line 625]
Event: 520.145 Thread 0x0000029550b01020 Exception <a 'java/lang/ArrayIndexOutOfBoundsException'{0x00000000d5723f08}> (0x00000000d5723f08) 
thrown [s\src\hotspot\share\runtime\sharedRuntime.cpp, line 625]
Event: 521.187 Thread 0x000002957c5fa1f0 Exception <a 'sun/nio/fs/WindowsException'{0x00000000d5694998}> (0x00000000d5694998) 
thrown [s\src\hotspot\share\prims\jni.cpp, line 520]
Event: 521.253 Thread 0x000002957c5fa1f0 Exception <a 'sun/nio/fs/WindowsException'{0x00000000d55e22d8}> (0x00000000d55e22d8) 
thrown [s\src\hotspot\share\prims\jni.cpp, line 520]
Event: 524.653 Thread 0x0000029550b01020 Exception <a 'java/lang/ArrayIndexOutOfBoundsException'{0x00000000d569a8b8}> (0x00000000d569a8b8) 
thrown [s\src\hotspot\share\runtime\sharedRuntime.cpp, line 625]
Event: 525.690 Thread 0x000002957c5fa1f0 Exception <a 'sun/nio/fs/WindowsException'{0x00000000d55db390}> (0x00000000d55db390) 
thrown [s\src\hotspot\share\prims\jni.cpp, line 520]
Event: 525.766 Thread 0x000002957c5fa1f0 Exception <a 'sun/nio/fs/WindowsException'{0x00000000d565a4e0}> (0x00000000d565a4e0) 
thrown [s\src\hotspot\share\prims\jni.cpp, line 520]
Event: 526.398 Thread 0x0000029550b01020 Exception <a 'java/lang/ArrayIndexOutOfBoundsException'{0x00000000d57a26d8}> (0x00000000d57a26d8) 
thrown [s\src\hotspot\share\runtime\sharedRuntime.cpp, line 625]
Event: 527.455 Thread 0x000002957c5fa1f0 Exception <a 'sun/nio/fs/WindowsException'{0x00000000d55d79b0}> (0x00000000d55d79b0) 
thrown [s\src\hotspot\share\prims\jni.cpp, line 520]
Event: 527.522 Thread 0x000002957c5fa1f0 Exception <a 'sun/nio/fs/WindowsException'{0x00000000d5617040}> (0x00000000d5617040) 
thrown [s\src\hotspot\share\prims\jni.cpp, line 520]
Event: 540.182 Thread 0x0000029550b00300 Exception <a 'sun/nio/fs/WindowsException'{0x00000000d59187c0}> (0x00000000d59187c0) 
thrown [s\src\hotspot\share\prims\jni.cpp, line 520]
Event: 540.182 Thread 0x0000029550b00300 Exception <a 'sun/nio/fs/WindowsException'{0x00000000d5918df0}> (0x00000000d5918df0) 
thrown [s\src\hotspot\share\prims\jni.cpp, line 520]
Event: 540.183 Thread 0x0000029550b00300 Exception <a 'sun/nio/fs/WindowsException'{0x00000000d59199f8}> (0x00000000d59199f8) 
thrown [s\src\hotspot\share\prims\jni.cpp, line 520]
Event: 540.183 Thread 0x0000029550b00300 Exception <a 'sun/nio/fs/WindowsException'{0x00000000d591a2d8}> (0x00000000d591a2d8) 
thrown [s\src\hotspot\share\prims\jni.cpp, line 520]
Event: 540.183 Thread 0x0000029550b00300 Exception <a 'sun/nio/fs/WindowsException'{0x00000000d591b878}> (0x00000000d591b878) 
thrown [s\src\hotspot\share\prims\jni.cpp, line 520]
Event: 540.183 Thread 0x0000029550b00300 Exception <a 'sun/nio/fs/WindowsException'{0x00000000d591bea8}> (0x00000000d591bea8) 
thrown [s\src\hotspot\share\prims\jni.cpp, line 520]
Event: 543.906 Thread 0x000002957c5fa1f0 Exception <a 'sun/nio/fs/WindowsException'{0x00000000d55ce088}> (0x00000000d55ce088) 
thrown [s\src\hotspot\share\prims\jni.cpp, line 520]
Event: 543.960 Thread 0x000002957c5fa1f0 Exception <a 'sun/nio/fs/WindowsException'{0x00000000d5582a50}> (0x00000000d5582a50) 
thrown [s\src\hotspot\share\prims\jni.cpp, line 520]
Event: 546.039 Thread 0x000002957c5fa1f0 Exception <a 'sun/nio/fs/WindowsException'{0x00000000d581dae8}> (0x00000000d581dae8) 
thrown [s\src\hotspot\share\prims\jni.cpp, line 520]
Event: 546.115 Thread 0x000002957c5fa1f0 Exception <a 'sun/nio/fs/WindowsException'{0x00000000d55e1288}> (0x00000000d55e1288) 
thrown [s\src\hotspot\share\prims\jni.cpp, line 520]

ZGC Phase Switch (0 events):
No events

VM Operations (20 events):
Event: 2766.339 Executing VM operation: HandshakeAllThreads (HandshakeForDeflation)
Event: 2766.339 Executing VM operation: HandshakeAllThreads (HandshakeForDeflation) done
Event: 2766.339 Executing VM operation: RendezvousGCThreads
Event: 2766.339 Executing VM operation: RendezvousGCThreads done
Event: 2886.666 Executing VM operation: HandshakeAllThreads (HandshakeForDeflation)
Event: 2886.666 Executing VM operation: HandshakeAllThreads (HandshakeForDeflation) done
Event: 2886.666 Executing VM operation: RendezvousGCThreads
Event: 2886.666 Executing VM operation: RendezvousGCThreads done
Event: 2946.679 Executing VM operation: HandshakeAllThreads (HandshakeForDeflation)
Event: 2946.679 Executing VM operation: HandshakeAllThreads (HandshakeForDeflation) done
Event: 2946.679 Executing VM operation: RendezvousGCThreads
Event: 2946.679 Executing VM operation: RendezvousGCThreads done
Event: 3006.855 Executing VM operation: HandshakeAllThreads (HandshakeForDeflation)
Event: 3006.855 Executing VM operation: HandshakeAllThreads (HandshakeForDeflation) done
Event: 3006.855 Executing VM operation: RendezvousGCThreads
Event: 3006.855 Executing VM operation: RendezvousGCThreads done
Event: 3067.049 Executing VM operation: HandshakeAllThreads (HandshakeForDeflation)
Event: 3067.049 Executing VM operation: HandshakeAllThreads (HandshakeForDeflation) done
Event: 3067.049 Executing VM operation: RendezvousGCThreads
Event: 3067.049 Executing VM operation: RendezvousGCThreads done

Memory protections (0 events):
No events

Nmethod flushes (20 events):
Event: 237.075 Thread 0x000002956e5a35f0 flushing osr nmethod 0x0000029502100d90
Event: 237.075 Thread 0x000002956e5a35f0 flushing  nmethod 0x0000029502159890
Event: 237.075 Thread 0x000002956e5a35f0 flushing  nmethod 0x00000295021c6d10
Event: 237.075 Thread 0x000002956e5a35f0 flushing  nmethod 0x0000029502233d10
Event: 237.075 Thread 0x000002956e5a35f0 flushing  nmethod 0x000002950223f790
Event: 237.075 Thread 0x000002956e5a35f0 flushing  nmethod 0x000002950224b990
Event: 237.075 Thread 0x000002956e5a35f0 flushing  nmethod 0x000002950224be90
Event: 237.075 Thread 0x000002956e5a35f0 flushing osr nmethod 0x0000029502259f10
Event: 237.075 Thread 0x000002956e5a35f0 flushing  nmethod 0x000002950225ea10
Event: 237.075 Thread 0x000002956e5a35f0 flushing  nmethod 0x0000029502267490
Event: 237.075 Thread 0x000002956e5a35f0 flushing  nmethod 0x0000029502268690
Event: 237.075 Thread 0x000002956e5a35f0 flushing  nmethod 0x0000029502269190
Event: 237.075 Thread 0x000002956e5a35f0 flushing  nmethod 0x00000295022a3910
Event: 237.075 Thread 0x000002956e5a35f0 flushing  nmethod 0x00000295022bb990
Event: 237.075 Thread 0x000002956e5a35f0 flushing  nmethod 0x00000295022d4090
Event: 237.075 Thread 0x000002956e5a35f0 flushing  nmethod 0x00000295022ec190
Event: 237.075 Thread 0x000002956e5a35f0 flushing osr nmethod 0x000002950232e610
Event: 237.075 Thread 0x000002956e5a35f0 flushing  nmethod 0x000002950234d290
Event: 237.075 Thread 0x000002956e5a35f0 flushing osr nmethod 0x000002950234ed90
Event: 237.075 Thread 0x000002956e5a35f0 flushing  nmethod 0x000002950235ec10

Events (20 events):
Event: 586.430 Thread 0x000002957c273980 Thread exited: 0x000002957c273980
Event: 600.745 Thread 0x000002957c27afa0 Thread exited: 0x000002957c27afa0
Event: 606.144 Thread 0x000002957c279bf0 Thread exited: 0x000002957c279bf0
Event: 625.198 Thread 0x000002957c5f8e40 Thread exited: 0x000002957c5f8e40
Event: 625.198 Thread 0x000002957c5f9b60 Thread exited: 0x000002957c5f9b60
Event: 625.198 Thread 0x000002957c5f94d0 Thread exited: 0x000002957c5f94d0
Event: 625.322 Thread 0x000002957c5f7400 Thread exited: 0x000002957c5f7400
Event: 667.370 Thread 0x0000029550b00990 Thread exited: 0x0000029550b00990
Event: 727.374 Thread 0x000002957c2753c0 Thread exited: 0x000002957c2753c0
Event: 787.382 Thread 0x000002957c2760e0 Thread exited: 0x000002957c2760e0
Event: 821.338 Thread 0x000002957c277490 Thread exited: 0x000002957c277490
Event: 825.792 Thread 0x000002957c27a280 Thread exited: 0x000002957c27a280
Event: 827.533 Thread 0x000002957c2746a0 Thread exited: 0x000002957c2746a0
Event: 844.000 Thread 0x000002957c27a910 Thread exited: 0x000002957c27a910
Event: 845.066 Thread 0x000002957c274010 Thread exited: 0x000002957c274010
Event: 846.127 Thread 0x000002957c2781b0 Thread exited: 0x000002957c2781b0
Event: 847.387 Thread 0x0000029550b00300 Thread exited: 0x0000029550b00300
Event: 907.390 Thread 0x0000029550b023d0 Thread exited: 0x0000029550b023d0
Event: 2081.338 Thread 0x0000029550b01020 Thread added: 0x000002957c2746a0
Event: 2141.356 Thread 0x000002957c2746a0 Thread exited: 0x000002957c2746a0


Dynamic libraries:
0x00007ff7026e0000 - 0x00007ff7026ee000 	c:\Users\hp\.vscode\extensions\redhat.java-1.45.0-win32-x64\jre\21.0.8-win32-x86_64\bin\java.exe
0x00007ffeb3c60000 - 0x00007ffeb3ec9000 	C:\WINDOWS\SYSTEM32\ntdll.dll
0x00007ffeb2e50000 - 0x00007ffeb2f19000 	C:\WINDOWS\System32\KERNEL32.DLL
0x00007ffeb1500000 - 0x00007ffeb18f3000 	C:\WINDOWS\System32\KERNELBASE.dll
0x00007ffead9d0000 - 0x00007ffeada6e000 	C:\WINDOWS\SYSTEM32\apphelp.dll
0x00007ffeb0f70000 - 0x00007ffeb10bb000 	C:\WINDOWS\System32\ucrtbase.dll
0x00007ffe27a70000 - 0x00007ffe27a88000 	c:\Users\hp\.vscode\extensions\redhat.java-1.45.0-win32-x64\jre\21.0.8-win32-x86_64\bin\jli.dll
0x00007ffeb2f20000 - 0x00007ffeb30e4000 	C:\WINDOWS\System32\USER32.dll
0x00007ffeb14d0000 - 0x00007ffeb14f7000 	C:\WINDOWS\System32\win32u.dll
0x00007ffeb3380000 - 0x00007ffeb33ab000 	C:\WINDOWS\System32\GDI32.dll
0x00007ffeb1900000 - 0x00007ffeb1a2d000 	C:\WINDOWS\System32\gdi32full.dll
0x00007ffeb12b0000 - 0x00007ffeb1353000 	C:\WINDOWS\System32\msvcp_win.dll
0x00007ffe27bb0000 - 0x00007ffe27bce000 	c:\Users\hp\.vscode\extensions\redhat.java-1.45.0-win32-x64\jre\21.0.8-win32-x86_64\bin\VCRUNTIME140.dll
0x00007ffe8dee0000 - 0x00007ffe8e173000 	C:\WINDOWS\WinSxS\amd64_microsoft.windows.common-controls_6595b64144ccf1df_6.0.26100.5074_none_3e0d6f78e32fd63f\COMCTL32.dll
0x00007ffeb3260000 - 0x00007ffeb3309000 	C:\WINDOWS\System32\msvcrt.dll
0x00007ffeb2d30000 - 0x00007ffeb2d5f000 	C:\WINDOWS\System32\IMM32.DLL
0x00007ffe8be90000 - 0x00007ffe8be9c000 	c:\Users\hp\.vscode\extensions\redhat.java-1.45.0-win32-x64\jre\21.0.8-win32-x86_64\bin\vcruntime140_1.dll
0x00007ffe136e0000 - 0x00007ffe1376d000 	c:\Users\hp\.vscode\extensions\redhat.java-1.45.0-win32-x64\jre\21.0.8-win32-x86_64\bin\msvcp140.dll
0x00007ffe069c0000 - 0x00007ffe07757000 	c:\Users\hp\.vscode\extensions\redhat.java-1.45.0-win32-x64\jre\21.0.8-win32-x86_64\bin\server\jvm.dll
0x00007ffeb1a30000 - 0x00007ffeb1ae4000 	C:\WINDOWS\System32\ADVAPI32.dll
0x00007ffeb1bf0000 - 0x00007ffeb1c96000 	C:\WINDOWS\System32\sechost.dll
0x00007ffeb2130000 - 0x00007ffeb2248000 	C:\WINDOWS\System32\RPCRT4.dll
0x00007ffeb3110000 - 0x00007ffeb3184000 	C:\WINDOWS\System32\WS2_32.dll
0x00007ffeb0c50000 - 0x00007ffeb0cae000 	C:\WINDOWS\SYSTEM32\POWRPROF.dll
0x00007ffea7a10000 - 0x00007ffea7a45000 	C:\WINDOWS\SYSTEM32\WINMM.dll
0x00007ffe9ea90000 - 0x00007ffe9ea9b000 	C:\WINDOWS\SYSTEM32\VERSION.dll
0x00007ffeb0c30000 - 0x00007ffeb0c44000 	C:\WINDOWS\SYSTEM32\UMPDC.dll
0x00007ffeafbd0000 - 0x00007ffeafbeb000 	C:\WINDOWS\SYSTEM32\kernel.appcore.dll
0x00007ffe84540000 - 0x00007ffe8454a000 	c:\Users\hp\.vscode\extensions\redhat.java-1.45.0-win32-x64\jre\21.0.8-win32-x86_64\bin\jimage.dll
0x00007ffeae610000 - 0x00007ffeae852000 	C:\WINDOWS\SYSTEM32\DBGHELP.DLL
0x00007ffeb37b0000 - 0x00007ffeb3b2b000 	C:\WINDOWS\System32\combase.dll
0x00007ffeb2d70000 - 0x00007ffeb2e47000 	C:\WINDOWS\System32\OLEAUT32.dll
0x00007ffe7b940000 - 0x00007ffe7b97d000 	C:\WINDOWS\SYSTEM32\dbgcore.DLL
0x00007ffeb10c0000 - 0x00007ffeb1159000 	C:\WINDOWS\System32\bcryptPrimitives.dll
0x00007ffe83a40000 - 0x00007ffe83a4f000 	c:\Users\hp\.vscode\extensions\redhat.java-1.45.0-win32-x64\jre\21.0.8-win32-x86_64\bin\instrument.dll
0x00007ffe26600000 - 0x00007ffe2661f000 	c:\Users\hp\.vscode\extensions\redhat.java-1.45.0-win32-x64\jre\21.0.8-win32-x86_64\bin\java.dll
0x00007ffeb25b0000 - 0x00007ffeb2cfd000 	C:\WINDOWS\System32\SHELL32.dll
0x00007ffeb1360000 - 0x00007ffeb14cc000 	C:\WINDOWS\System32\wintypes.dll
0x00007ffeaea20000 - 0x00007ffeaf279000 	C:\WINDOWS\SYSTEM32\windows.storage.dll
0x00007ffeb24b0000 - 0x00007ffeb25a0000 	C:\WINDOWS\System32\SHCORE.dll
0x00007ffeb3310000 - 0x00007ffeb3372000 	C:\WINDOWS\System32\shlwapi.dll
0x00007ffeb0d10000 - 0x00007ffeb0d39000 	C:\WINDOWS\SYSTEM32\profapi.dll
0x00007ffe26590000 - 0x00007ffe265a8000 	c:\Users\hp\.vscode\extensions\redhat.java-1.45.0-win32-x64\jre\21.0.8-win32-x86_64\bin\zip.dll
0x00007ffe82da0000 - 0x00007ffe82db0000 	C:\Users\hp\.vscode\extensions\redhat.java-1.45.0-win32-x64\jre\21.0.8-win32-x86_64\bin\net.dll
0x00007ffea9af0000 - 0x00007ffea9c0f000 	C:\WINDOWS\SYSTEM32\WINHTTP.dll
0x00007ffeb0150000 - 0x00007ffeb01bb000 	C:\WINDOWS\system32\mswsock.dll
0x00007ffe26140000 - 0x00007ffe26156000 	C:\Users\hp\.vscode\extensions\redhat.java-1.45.0-win32-x64\jre\21.0.8-win32-x86_64\bin\nio.dll
0x00007ffe82690000 - 0x00007ffe826a0000 	c:\Users\hp\.vscode\extensions\redhat.java-1.45.0-win32-x64\jre\21.0.8-win32-x86_64\bin\verify.dll
0x00007ffe231f0000 - 0x00007ffe23234000 	C:\Users\hp\AppData\Roaming\Code\User\globalStorage\redhat.java\1.45.0\config_win\org.eclipse.equinox.launcher\org.eclipse.equinox.launcher.win32.win32.x86_64_1.2.1400.v20250801-0854\eclipse_11916.dll
0x00007ffeb2250000 - 0x00007ffeb23e8000 	C:\WINDOWS\System32\ole32.dll
0x00007ffeb03f0000 - 0x00007ffeb040b000 	C:\WINDOWS\SYSTEM32\CRYPTSP.dll
0x00007ffeafb30000 - 0x00007ffeafb6b000 	C:\WINDOWS\system32\rsaenh.dll
0x00007ffeb01f0000 - 0x00007ffeb021b000 	C:\WINDOWS\SYSTEM32\USERENV.dll
0x00007ffeb0ce0000 - 0x00007ffeb0d06000 	C:\WINDOWS\SYSTEM32\bcrypt.dll
0x00007ffeb0410000 - 0x00007ffeb041c000 	C:\WINDOWS\SYSTEM32\CRYPTBASE.dll
0x00007ffeaf650000 - 0x00007ffeaf684000 	C:\WINDOWS\SYSTEM32\IPHLPAPI.DLL
0x00007ffeb3c10000 - 0x00007ffeb3c1a000 	C:\WINDOWS\System32\NSI.dll
0x00007ffe1e210000 - 0x00007ffe1e259000 	C:\Users\hp\AppData\Local\Temp\jna-3336\jna9243210294369715581.dll
0x00007ffeb2410000 - 0x00007ffeb2418000 	C:\WINDOWS\System32\PSAPI.DLL
0x00007ffeaa1d0000 - 0x00007ffeaa1ee000 	C:\WINDOWS\SYSTEM32\dhcpcsvc6.DLL
0x00007ffeaa180000 - 0x00007ffeaa1a3000 	C:\WINDOWS\SYSTEM32\dhcpcsvc.DLL
0x00007ffe82520000 - 0x00007ffe8252e000 	C:\Users\hp\.vscode\extensions\redhat.java-1.45.0-win32-x64\jre\21.0.8-win32-x86_64\bin\sunmscapi.dll
0x00007ffeb0df0000 - 0x00007ffeb0f67000 	C:\WINDOWS\System32\CRYPT32.dll
0x00007ffeb0610000 - 0x00007ffeb0640000 	C:\WINDOWS\SYSTEM32\ncrypt.dll
0x00007ffeb05c0000 - 0x00007ffeb05ff000 	C:\WINDOWS\SYSTEM32\NTASN1.dll
0x00007ffeaf690000 - 0x00007ffeaf7b6000 	C:\WINDOWS\SYSTEM32\DNSAPI.dll
0x00007ffea6fe0000 - 0x00007ffea6feb000 	C:\Windows\System32\rasadhlp.dll
0x00007ffeaa4c0000 - 0x00007ffeaa546000 	C:\WINDOWS\System32\fwpuclnt.dll
0x00007ffe81940000 - 0x00007ffe81949000 	C:\Users\hp\.vscode\extensions\redhat.java-1.45.0-win32-x64\jre\21.0.8-win32-x86_64\bin\extnet.dll

JVMTI agents:
c:\Users\hp\.vscode\extensions\redhat.java-1.45.0-win32-x64\lombok\lombok-1.18.39-4050.jar path:c:\Users\hp\.vscode\extensions\redhat.java-1.45.0-win32-x64\jre\21.0.8-win32-x86_64\bin\instrument.dll, loaded, initialized, instrumentlib options:none

dbghelp: loaded successfully - version: 4.0.5 - missing functions: none
symbol engine: initialized successfully - sym options: 0x614 - pdb path: .;c:\Users\hp\.vscode\extensions\redhat.java-1.45.0-win32-x64\jre\21.0.8-win32-x86_64\bin;C:\WINDOWS\SYSTEM32;C:\WINDOWS\WinSxS\amd64_microsoft.windows.common-controls_6595b64144ccf1df_6.0.26100.5074_none_3e0d6f78e32fd63f;c:\Users\hp\.vscode\extensions\redhat.java-1.45.0-win32-x64\jre\21.0.8-win32-x86_64\bin\server;C:\Users\hp\AppData\Roaming\Code\User\globalStorage\redhat.java\1.45.0\config_win\org.eclipse.equinox.launcher\org.eclipse.equinox.launcher.win32.win32.x86_64_1.2.1400.v20250801-0854;C:\Users\hp\AppData\Local\Temp\jna-3336

VM Arguments:
jvm_args: --add-modules=ALL-SYSTEM --add-opens=java.base/java.util=ALL-UNNAMED --add-opens=java.base/java.lang=ALL-UNNAMED --add-opens=java.base/sun.nio.fs=ALL-UNNAMED -Declipse.application=org.eclipse.jdt.ls.core.id1 -Dosgi.bundles.defaultStartLevel=4 -Declipse.product=org.eclipse.jdt.ls.core.product -Djava.import.generatesMetadataFilesAtProjectRoot=false -DDetectVMInstallationsJob.disabled=true -Dfile.encoding=utf8 -XX:+UseParallelGC -XX:GCTimeRatio=4 -XX:AdaptiveSizePolicyWeight=90 -Dsun.zip.disableMemoryMapping=true -Xmx2G -Xms100m -Xlog:disable -javaagent:c:\Users\hp\.vscode\extensions\redhat.java-1.45.0-win32-x64\lombok\lombok-1.18.39-4050.jar -XX:+HeapDumpOnOutOfMemoryError -XX:HeapDumpPath=c:\Users\hp\AppData\Roaming\Code\User\workspaceStorage\bf5e5d25e8f0e1d465bbe559f68f1d06\redhat.java -Daether.dependencyCollector.impl=bf 
java_command: c:\Users\hp\.vscode\extensions\redhat.java-1.45.0-win32-x64\server\plugins\org.eclipse.equinox.launcher_1.7.0.v20250519-0528.jar -configuration c:\Users\hp\AppData\Roaming\Code\User\globalStorage\redhat.java\1.45.0\config_win -data c:\Users\hp\AppData\Roaming\Code\User\workspaceStorage\bf5e5d25e8f0e1d465bbe559f68f1d06\redhat.java\jdt_ws --pipe=\\.\pipe\lsp-d86a6ec8211a30787c4073e6bf5d0b91-sock
java_class_path (initial): c:\Users\hp\.vscode\extensions\redhat.java-1.45.0-win32-x64\server\plugins\org.eclipse.equinox.launcher_1.7.0.v20250519-0528.jar
Launcher Type: SUN_STANDARD

[Global flags]
    uintx AdaptiveSizePolicyWeight                 = 90                                        {product} {command line}
     intx CICompilerCount                          = 4                                         {product} {ergonomic}
    uintx GCTimeRatio                              = 4                                         {product} {command line}
     bool HeapDumpOnOutOfMemoryError               = true                                   {manageable} {command line}
    ccstr HeapDumpPath                             = c:\Users\hp\AppData\Roaming\Code\User\workspaceStorage\bf5e5d25e8f0e1d465bbe559f68f1d06\redhat.java         {manageable} {command line}
   size_t InitialHeapSize                          = 104857600                                 {product} {command line}
   size_t MaxHeapSize                              = 2147483648                                {product} {command line}
   size_t MaxNewSize                               = 715653120                                 {product} {ergonomic}
   size_t MinHeapDeltaBytes                        = 524288                                    {product} {ergonomic}
   size_t MinHeapSize                              = 104857600                                 {product} {command line}
   size_t NewSize                                  = 34603008                                  {product} {ergonomic}
    uintx NonNMethodCodeHeapSize                   = 5839372                                {pd product} {ergonomic}
    uintx NonProfiledCodeHeapSize                  = 122909434                              {pd product} {ergonomic}
   size_t OldSize                                  = 70254592                                  {product} {ergonomic}
    uintx ProfiledCodeHeapSize                     = 122909434                              {pd product} {ergonomic}
    uintx ReservedCodeCacheSize                    = 251658240                              {pd product} {ergonomic}
     bool SegmentedCodeCache                       = true                                      {product} {ergonomic}
   size_t SoftMaxHeapSize                          = 2147483648                             {manageable} {ergonomic}
     bool UseCompressedOops                        = true                           {product lp64_product} {ergonomic}
     bool UseLargePagesIndividualAllocation        = false                                  {pd product} {ergonomic}
     bool UseParallelGC                            = true                                      {product} {command line}

Logging:
Log output configuration:
 #0: stdout all=off uptime,level,tags foldmultilines=false
 #1: stderr all=off uptime,level,tags foldmultilines=false

Environment Variables:
PATH=C:\Python313\Scripts\;C:\Python313\;C:\Program Files\Python312\Scripts\;C:\Program Files\Python312\;C:\Program Files (x86)\VMware\VMware Workstation\bin\;C:\Program Files\Common Files\Oracle\Java\javapath;C:\Program Files (x86)\Common Files\Intel\Shared Libraries\redist\intel64\compiler;C:\WINDOWS\system32;C:\WINDOWS;C:\WINDOWS\System32\Wbem;C:\WINDOWS\System32\WindowsPowerShell\v1.0\;C:\WINDOWS\System32\OpenSSH\;C:\Program Files (x86)\dotnet\;C:\Program Files\Git\cmd;C:\Program Files\Git\mingw64\bin;C:\Program Files\Git\usr\bin;C:\Program Files\MongoDB\mongosh-1.10.6-win32-x64\bin;C:\Program Files\Python312;C:\Program Files\nodejs\;C:\ProgramData\chocolatey\bin;C:\Program Files\MySQL\MySQL Shell 8.0\bin\;C:\Users\hp\AppData\Local\Microsoft\WindowsApps;;C:\Users\hp\AppData\Local\Programs\Microsoft VS Code\bin;C:\Program Files\JetBrains\IntelliJ IDEA Community Edition 2023.2.3\bin;;C:\Users\hp\AppData\Roaming\npm
USERNAME=hp
OS=Windows_NT
PROCESSOR_IDENTIFIER=Intel64 Family 6 Model 140 Stepping 1, GenuineIntel
TMP=C:\Users\hp\AppData\Local\Temp
TEMP=C:\Users\hp\AppData\Local\Temp




Periodic native trim disabled

---------------  S Y S T E M  ---------------

OS:
 Windows 11 , 64 bit Build 26100 (10.0.26100.5074)
OS uptime: 5 days 12:09 hours
Hyper-V role detected

CPU: total 8 (initial active 8) (4 cores per cpu, 2 threads per core) family 6 model 140 stepping 1 microcode 0xac, cx8, cmov, fxsr, ht, mmx, 3dnowpref, sse, sse2, sse3, ssse3, sse4.1, sse4.2, popcnt, lzcnt, tsc, tscinvbit, avx, avx2, aes, erms, clmul, bmi1, bmi2, adx, avx512f, avx512dq, avx512cd, avx512bw, avx512vl, sha, fma, vzeroupper, avx512_vpopcntdq, avx512_vpclmulqdq, avx512_vaes, avx512_vnni, clflush, clflushopt, clwb, avx512_vbmi2, avx512_vbmi, hv, rdtscp, rdpid, fsrm, gfni, avx512_bitalg, f16c, cet_ibt, cet_ss, avx512_ifma
Processor Information for the first 8 processors :
  Max Mhz: 2419, Current Mhz: 2419, Mhz Limit: 2419

Memory: 4k page, system-wide physical 16124M (2326M free)
TotalPageFile size 23781M (AvailPageFile size 2M)
current process WorkingSet (physical memory assigned to process): 176M, peak: 1568M
current process commit charge ("private bytes"): 1592M, peak: 1595M

vm_info: OpenJDK 64-Bit Server VM (21.0.8+9-LTS) for windows-amd64 JRE (21.0.8+9-LTS), built on 2025-07-15T00:00:00Z by "admin" with MS VC++ 17.7 (VS2022)

END.
